<?xml version="1.0" encoding="UTF-8"?>
<testng-results ignored="0" total="1" passed="1" failed="0" skipped="0">
  <reporter-output>
  </reporter-output>
  <suite started-at="2025-11-25T19:51:39 IST" name="Default suite" finished-at="2025-11-25T19:51:53 IST" duration-ms="13824">
    <groups>
    </groups>
    <test started-at="2025-11-25T19:51:39 IST" name="Default test" finished-at="2025-11-25T19:51:53 IST" duration-ms="13824">
      <class name="testscripts.LoginTest">
        <test-method is-config="true" signature="initializeBrowser()[pri:0, instance:testscripts.LoginTest@459e9125]" started-at="2025-11-25T19:51:40 IST" name="initializeBrowser" finished-at="2025-11-25T19:51:48 IST" duration-ms="8089" status="PASS">
          <reporter-output>
          </reporter-output>
        </test-method> <!-- initializeBrowser -->
        <test-method signature="verifyWhetherUserIsAbleToLoginWithInvalidUsernameAndValidPassword1()[pri:0, instance:testscripts.LoginTest@459e9125]" started-at="2025-11-25T19:51:48 IST" name="verifyWhetherUserIsAbleToLoginWithInvalidUsernameAndValidPassword1" finished-at="2025-11-25T19:51:53 IST" duration-ms="5563" status="PASS">
          <reporter-output>
          </reporter-output>
        </test-method> <!-- verifyWhetherUserIsAbleToLoginWithInvalidUsernameAndValidPassword1 -->
        <test-method is-config="true" signature="browserQuitAndClose()[pri:0, instance:testscripts.LoginTest@459e9125]" started-at="2025-11-25T19:51:53 IST" name="browserQuitAndClose" finished-at="2025-11-25T19:51:53 IST" duration-ms="1" status="PASS">
          <reporter-output>
          </reporter-output>
        </test-method> <!-- browserQuitAndClose -->
      </class> <!-- testscripts.LoginTest -->
    </test> <!-- Default test -->
  </suite> <!-- Default suite -->
</testng-results>
