<?xml version="1.0" encoding="UTF-8"?>
<testng-results ignored="0" total="1" passed="1" failed="0" skipped="0">
  <reporter-output>
  </reporter-output>
  <suite started-at="2025-11-19T20:58:10 IST" name="Default suite" finished-at="2025-11-19T20:58:14 IST" duration-ms="3285">
    <groups>
    </groups>
    <test started-at="2025-11-19T20:58:10 IST" name="Default test" finished-at="2025-11-19T20:58:14 IST" duration-ms="3285">
      <class name="testscripts.LoginTest">
        <test-method is-config="true" signature="initializeBrowser()[pri:0, instance:testscripts.LoginTest@1283bb96]" started-at="2025-11-19T20:58:10 IST" name="initializeBrowser" finished-at="2025-11-19T20:58:13 IST" duration-ms="2713" status="PASS">
          <reporter-output>
          </reporter-output>
        </test-method> <!-- initializeBrowser -->
        <test-method signature="verifyWhetherUserIsAbleToLoginWithInvalidUsernameAndValidPassword()[pri:0, instance:testscripts.LoginTest@1283bb96]" started-at="2025-11-19T20:58:13 IST" name="verifyWhetherUserIsAbleToLoginWithInvalidUsernameAndValidPassword" finished-at="2025-11-19T20:58:14 IST" duration-ms="513" status="PASS">
          <reporter-output>
          </reporter-output>
        </test-method> <!-- verifyWhetherUserIsAbleToLoginWithInvalidUsernameAndValidPassword -->
        <test-method is-config="true" signature="browserQuitAndClose()[pri:0, instance:testscripts.LoginTest@1283bb96]" started-at="2025-11-19T20:58:14 IST" name="browserQuitAndClose" finished-at="2025-11-19T20:58:14 IST" duration-ms="0" status="PASS">
          <reporter-output>
          </reporter-output>
        </test-method> <!-- browserQuitAndClose -->
      </class> <!-- testscripts.LoginTest -->
    </test> <!-- Default test -->
  </suite> <!-- Default suite -->
</testng-results>
