<?xml version="1.0" encoding="UTF-8"?>
<testng-results ignored="0" total="1" passed="1" failed="0" skipped="0">
  <reporter-output>
  </reporter-output>
  <suite started-at="2025-11-27T19:05:43 IST" name="Default suite" finished-at="2025-11-27T19:05:49 IST" duration-ms="5558">
    <groups>
    </groups>
    <test started-at="2025-11-27T19:05:43 IST" name="Default test" finished-at="2025-11-27T19:05:49 IST" duration-ms="5558">
      <class name="testscripts.LoginTest">
        <test-method is-config="true" signature="initializeBrowser()[pri:0, instance:testscripts.LoginTest@459e9125]" started-at="2025-11-27T19:05:43 IST" name="initializeBrowser" finished-at="2025-11-27T19:05:47 IST" duration-ms="3158" status="PASS">
          <reporter-output>
          </reporter-output>
        </test-method> <!-- initializeBrowser -->
        <test-method signature="verifyWhetherUserIsAbleToLoginWithValidCredential()[pri:0, instance:testscripts.LoginTest@459e9125]" started-at="2025-11-27T19:05:47 IST" name="verifyWhetherUserIsAbleToLoginWithValidCredential" finished-at="2025-11-27T19:05:49 IST" duration-ms="2323" status="PASS">
          <reporter-output>
          </reporter-output>
        </test-method> <!-- verifyWhetherUserIsAbleToLoginWithValidCredential -->
        <test-method is-config="true" signature="browserQuitAndClose()[pri:0, instance:testscripts.LoginTest@459e9125]" started-at="2025-11-27T19:05:49 IST" name="browserQuitAndClose" finished-at="2025-11-27T19:05:49 IST" duration-ms="7" status="PASS">
          <reporter-output>
          </reporter-output>
        </test-method> <!-- browserQuitAndClose -->
      </class> <!-- testscripts.LoginTest -->
    </test> <!-- Default test -->
  </suite> <!-- Default suite -->
</testng-results>
